<?xml version="1.0" encoding="UTF-8"?>
<!-- Generated by org.testng.reporters.JUnitXMLReporter -->
<testsuite ignored="3" hostname="DESKTOP-EQE7IHR" failures="0" tests="4" name="Test" time="49.019" errors="0" timestamp="2022-10-30T17:50:10 IST">
  <testcase classname="com.Test.Test1" name="verifytest1" time="1.225"/>
  <testcase classname="com.Test.Test2" name="verifytest2" time="0.007"/>
  <testcase classname="com.Test.Test3" name="verifytest3" time="0.007"/>
  <testcase classname="com.Test.Test4" name="verifytest4" time="0.004"/>
  <testcase classname="com.Utility.BaseClass" name="@BeforeSuite BS" time="0.0">
    <ignored/>
  </testcase> <!-- @BeforeSuite BS -->
  <testcase classname="com.Utility.BaseClass" name="@BeforeSuite BS" time="0.0">
    <ignored/>
  </testcase> <!-- @BeforeSuite BS -->
  <testcase classname="com.Utility.BaseClass" name="@BeforeSuite BS" time="0.0">
    <ignored/>
  </testcase> <!-- @BeforeSuite BS -->
</testsuite> <!-- Test -->
