<?xml version="1.0" encoding="UTF-8"?>
<testng-results ignored="3" total="7" passed="4" failed="0" skipped="0">
  <reporter-output>
  </reporter-output>
  <suite started-at="2022-10-30T17:49:21 IST" name="Suite" finished-at="2022-10-30T17:50:10 IST" duration-ms="49019">
    <groups>
    </groups>
    <test started-at="2022-10-30T17:49:21 IST" name="Test" finished-at="2022-10-30T17:50:10 IST" duration-ms="49019">
      <class name="com.Test.Test2">
        <test-method is-config="true" signature="setUp(java.lang.String)[pri:0, instance:com.Test.Test2@790da477]" started-at="2022-10-30T17:49:47 IST" name="setUp" finished-at="2022-10-30T17:49:54 IST" duration-ms="7119" status="PASS">
          <params>
            <param index="0">
              <value>
                <![CDATA[Chrome]]>
              </value>
            </param>
          </params>
          <reporter-output>
          </reporter-output>
        </test-method> <!-- setUp -->
        <test-method signature="verifytest2()[pri:0, instance:com.Test.Test2@790da477]" started-at="2022-10-30T17:49:54 IST" name="verifytest2" finished-at="2022-10-30T17:49:54 IST" duration-ms="7" status="PASS">
          <reporter-output>
          </reporter-output>
        </test-method> <!-- verifytest2 -->
        <test-method is-config="true" signature="tearDown()[pri:0, instance:com.Test.Test2@790da477]" started-at="2022-10-30T17:49:54 IST" name="tearDown" finished-at="2022-10-30T17:49:55 IST" duration-ms="450" status="PASS">
          <reporter-output>
          </reporter-output>
        </test-method> <!-- tearDown -->
      </class> <!-- com.Test.Test2 -->
      <class name="com.Test.Test1">
        <test-method is-config="true" signature="BS()[pri:0, instance:com.Test.Test1@480d3575]" started-at="2022-10-30T17:49:18 IST" name="BS" finished-at="2022-10-30T17:49:21 IST" duration-ms="2930" status="PASS">
          <reporter-output>
          </reporter-output>
        </test-method> <!-- BS -->
        <test-method is-config="true" signature="setUp(java.lang.String)[pri:0, instance:com.Test.Test1@480d3575]" started-at="2022-10-30T17:49:21 IST" name="setUp" finished-at="2022-10-30T17:49:45 IST" duration-ms="24460" status="PASS">
          <params>
            <param index="0">
              <value>
                <![CDATA[Chrome]]>
              </value>
            </param>
          </params>
          <reporter-output>
          </reporter-output>
        </test-method> <!-- setUp -->
        <test-method signature="verifytest1()[pri:0, instance:com.Test.Test1@480d3575]" started-at="2022-10-30T17:49:45 IST" name="verifytest1" finished-at="2022-10-30T17:49:46 IST" duration-ms="1225" status="PASS">
          <reporter-output>
          </reporter-output>
        </test-method> <!-- verifytest1 -->
        <test-method is-config="true" signature="tearDown()[pri:0, instance:com.Test.Test1@480d3575]" started-at="2022-10-30T17:49:46 IST" name="tearDown" finished-at="2022-10-30T17:49:47 IST" duration-ms="705" status="PASS">
          <reporter-output>
          </reporter-output>
        </test-method> <!-- tearDown -->
      </class> <!-- com.Test.Test1 -->
      <class name="com.Test.Test4">
        <test-method is-config="true" signature="setUp(java.lang.String)[pri:0, instance:com.Test.Test4@57bc27f5]" started-at="2022-10-30T17:50:02 IST" name="setUp" finished-at="2022-10-30T17:50:09 IST" duration-ms="6656" status="PASS">
          <params>
            <param index="0">
              <value>
                <![CDATA[Chrome]]>
              </value>
            </param>
          </params>
          <reporter-output>
          </reporter-output>
        </test-method> <!-- setUp -->
        <test-method signature="verifytest4()[pri:0, instance:com.Test.Test4@57bc27f5]" started-at="2022-10-30T17:50:09 IST" name="verifytest4" finished-at="2022-10-30T17:50:09 IST" duration-ms="4" status="PASS">
          <reporter-output>
          </reporter-output>
        </test-method> <!-- verifytest4 -->
        <test-method is-config="true" signature="tearDown()[pri:0, instance:com.Test.Test4@57bc27f5]" started-at="2022-10-30T17:50:09 IST" name="tearDown" finished-at="2022-10-30T17:50:10 IST" duration-ms="592" status="PASS">
          <reporter-output>
          </reporter-output>
        </test-method> <!-- tearDown -->
      </class> <!-- com.Test.Test4 -->
      <class name="com.Test.Test3">
        <test-method is-config="true" signature="setUp(java.lang.String)[pri:0, instance:com.Test.Test3@5c7933ad]" started-at="2022-10-30T17:49:55 IST" name="setUp" finished-at="2022-10-30T17:50:02 IST" duration-ms="6908" status="PASS">
          <params>
            <param index="0">
              <value>
                <![CDATA[Chrome]]>
              </value>
            </param>
          </params>
          <reporter-output>
          </reporter-output>
        </test-method> <!-- setUp -->
        <test-method signature="verifytest3()[pri:0, instance:com.Test.Test3@5c7933ad]" started-at="2022-10-30T17:50:02 IST" name="verifytest3" finished-at="2022-10-30T17:50:02 IST" duration-ms="7" status="PASS">
          <reporter-output>
          </reporter-output>
        </test-method> <!-- verifytest3 -->
        <test-method is-config="true" signature="tearDown()[pri:0, instance:com.Test.Test3@5c7933ad]" started-at="2022-10-30T17:50:02 IST" name="tearDown" finished-at="2022-10-30T17:50:02 IST" duration-ms="762" status="PASS">
          <reporter-output>
          </reporter-output>
        </test-method> <!-- tearDown -->
      </class> <!-- com.Test.Test3 -->
    </test> <!-- Test -->
  </suite> <!-- Suite -->
</testng-results>
